<?xml version="1.0" encoding="UTF-8"?>
<!-- Generated by org.testng.reporters.JUnitReportReporter -->
<testsuite hostname="LAPTOP-CODJI4BB" failures="0" tests="2" name="com.playwright.testcases.LoginSearchTestonChrome" time="12.576" errors="0" timestamp="2024-01-20T22:13:31 IST" skipped="0">
  <testcase classname="com.playwright.testcases.LoginSearchTestonChrome" name="login" time="2.258"/>
  <testcase classname="com.playwright.testcases.LoginSearchTestonChrome" name="Search" time="10.318"/>
</testsuite> <!-- com.playwright.testcases.LoginSearchTestonChrome -->
