<?xml version="1.0" encoding="UTF-8"?>
<!-- Generated by org.testng.reporters.JUnitReportReporter -->
<testsuite hostname="LAPTOP-CODJI4BB" failures="0" tests="2" name="com.playwright.testcases.LoginSearchTestonChrome" time="10.654" errors="0" timestamp="2024-01-22T00:46:01 IST" skipped="0">
  <testcase classname="com.playwright.testcases.LoginSearchTestonChrome" name="login" time="2.983"/>
  <testcase classname="com.playwright.testcases.LoginSearchTestonChrome" name="Search" time="7.671"/>
</testsuite> <!-- com.playwright.testcases.LoginSearchTestonChrome -->
