<?xml version="1.0" encoding="UTF-8"?>
<!-- Generated by org.testng.reporters.JUnitReportReporter -->
<testsuite hostname="LAPTOP-CODJI4BB" failures="0" tests="2" name="com.playwright.testcases.LoginSearchTestonFirefox" time="4.476" errors="0" timestamp="2024-01-19T23:11:23 IST" skipped="0">
  <testcase classname="com.playwright.testcases.LoginSearchTestonFirefox" name="login" time="1.161"/>
  <testcase classname="com.playwright.testcases.LoginSearchTestonFirefox" name="Search" time="3.315"/>
</testsuite> <!-- com.playwright.testcases.LoginSearchTestonFirefox -->
