<?xml version="1.0" encoding="UTF-8"?>
<!-- Generated by org.testng.reporters.JUnitReportReporter -->
<testsuite hostname="LAPTOP-CODJI4BB" failures="0" tests="2" name="com.playwright.testcases.LoginSearchTestonEDGE" time="4.802" errors="0" timestamp="2024-01-20T22:15:55 IST" skipped="0">
  <testcase classname="com.playwright.testcases.LoginSearchTestonEDGE" name="login" time="2.126"/>
  <testcase classname="com.playwright.testcases.LoginSearchTestonEDGE" name="Search" time="2.676"/>
</testsuite> <!-- com.playwright.testcases.LoginSearchTestonEDGE -->
