<?xml version="1.0" encoding="UTF-8"?>
<!-- Generated by org.testng.reporters.JUnitReportReporter -->
<testsuite hostname="LAPTOP-CODJI4BB" failures="0" tests="2" name="com.playwright.testcases.LoginSearchTestonFirefox" time="8.989" errors="0" timestamp="2024-01-22T00:46:01 IST" skipped="0">
  <testcase classname="com.playwright.testcases.LoginSearchTestonFirefox" name="login" time="2.667"/>
  <testcase classname="com.playwright.testcases.LoginSearchTestonFirefox" name="Search" time="6.322"/>
</testsuite> <!-- com.playwright.testcases.LoginSearchTestonFirefox -->
