<?xml version="1.0" encoding="UTF-8"?>
<!-- Generated by org.testng.reporters.JUnitReportReporter -->
<testsuite hostname="LAPTOP-CODJI4BB" failures="0" tests="2" name="com.playwright.testcases.LoginSearchTestonChrome" time="18.946" errors="0" timestamp="2024-01-21T23:49:35 IST" skipped="0">
  <testcase classname="com.playwright.testcases.LoginSearchTestonChrome" name="login" time="3.295"/>
  <testcase classname="com.playwright.testcases.LoginSearchTestonChrome" name="Search" time="15.651"/>
</testsuite> <!-- com.playwright.testcases.LoginSearchTestonChrome -->
